<?xml version="1.0" encoding="UTF-8"?>
<testng-results ignored="0" total="3" passed="3" failed="0" skipped="0">
  <reporter-output>
  </reporter-output>
  <suite started-at="2024-02-21T15:27:27 IST" name="Surefire suite" finished-at="2024-02-21T15:27:54 IST" duration-ms="27072">
    <groups>
    </groups>
    <test started-at="2024-02-21T15:27:27 IST" name="Surefire test" finished-at="2024-02-21T15:27:54 IST" duration-ms="27072">
      <class name="CellPhonesPageTest">
        <test-method is-config="true" signature="setUp()[pri:0, instance:CellPhonesPageTest@2473d930]" started-at="2024-02-21T15:27:27 IST" name="setUp" finished-at="2024-02-21T15:27:39 IST" duration-ms="12084" status="PASS">
          <reporter-output>
          </reporter-output>
        </test-method> <!-- setUp -->
        <test-method signature="m1()[pri:0, instance:CellPhonesPageTest@2473d930]" started-at="2024-02-21T15:27:39 IST" name="m1" finished-at="2024-02-21T15:27:53 IST" duration-ms="14553" status="PASS">
          <reporter-output>
          </reporter-output>
        </test-method> <!-- m1 -->
        <test-method signature="m2()[pri:0, instance:CellPhonesPageTest@2473d930]" started-at="2024-02-21T15:27:53 IST" name="m2" finished-at="2024-02-21T15:27:53 IST" duration-ms="2" status="PASS">
          <reporter-output>
          </reporter-output>
        </test-method> <!-- m2 -->
        <test-method signature="m3()[pri:0, instance:CellPhonesPageTest@2473d930]" started-at="2024-02-21T15:27:53 IST" name="m3" finished-at="2024-02-21T15:27:53 IST" duration-ms="6" status="PASS">
          <reporter-output>
          </reporter-output>
        </test-method> <!-- m3 -->
        <test-method is-config="true" signature="getTestResult()[pri:0, instance:CellPhonesPageTest@2473d930]" started-at="2024-02-21T15:27:53 IST" name="getTestResult" finished-at="2024-02-21T15:27:54 IST" duration-ms="381" status="PASS">
          <reporter-output>
          </reporter-output>
        </test-method> <!-- getTestResult -->
      </class> <!-- CellPhonesPageTest -->
    </test> <!-- Surefire test -->
  </suite> <!-- Surefire suite -->
</testng-results>
