<?xml version="1.0" encoding="UTF-8"?>
<testng-results ignored="0" total="1" passed="1" failed="0" skipped="0">
  <reporter-output>
  </reporter-output>
  <suite started-at="2025-08-05T02:03:46 IST" name="MySuite" finished-at="2025-08-05T02:04:01 IST" duration-ms="14790">
    <groups>
    </groups>
    <test started-at="2025-08-05T02:03:46 IST" name="Login Tests" finished-at="2025-08-05T02:04:01 IST" duration-ms="14790">
      <class name="tests.LoginTest">
        <test-method is-config="true" signature="setup()[pri:0, instance:tests.LoginTest@31c88ec8]" started-at="2025-08-05T02:03:46 IST" name="setup" finished-at="2025-08-05T02:04:00 IST" duration-ms="13915" status="PASS">
          <reporter-output>
          </reporter-output>
        </test-method> <!-- setup -->
        <test-method signature="verifyLogin()[pri:0, instance:tests.LoginTest@31c88ec8]" started-at="2025-08-05T02:04:00 IST" name="verifyLogin" finished-at="2025-08-05T02:04:01 IST" duration-ms="508" status="PASS">
          <reporter-output>
          </reporter-output>
        </test-method> <!-- verifyLogin -->
        <test-method is-config="true" signature="tearDown()[pri:0, instance:tests.LoginTest@31c88ec8]" started-at="2025-08-05T02:04:01 IST" name="tearDown" finished-at="2025-08-05T02:04:01 IST" duration-ms="308" status="PASS">
          <reporter-output>
          </reporter-output>
        </test-method> <!-- tearDown -->
      </class> <!-- tests.LoginTest -->
    </test> <!-- Login Tests -->
  </suite> <!-- MySuite -->
</testng-results>
