<?xml version="1.0" encoding="UTF-8"?>
<!-- Generated by org.testng.reporters.JUnitReportReporter -->
<testsuite hostname="AkashKhanna" failures="0" tests="3" name="CellPhonesPageTest" time="14.561" errors="0" timestamp="2024-02-21T15:27:54 IST" skipped="0">
  <testcase classname="CellPhonesPageTest" name="m2" time="0.002"/>
  <testcase classname="CellPhonesPageTest" name="m3" time="0.006"/>
  <testcase classname="CellPhonesPageTest" name="m1" time="14.553"/>
</testsuite> <!-- CellPhonesPageTest -->
